retrieving data from notion database...
retrieve complete!
fetching data from steam..
fetching data success!
retrieving data from notion database...
retrieve complete!
fetching data from steam..
fetching data success!
querying for Garry's Mod achievements counts...
Garry's Mod achievements count complete!
updating Garry's Mod to notion...
Garry's Mod updated!
Half-Life Deathmatch: Source does not meet filter rule!
Half-Life 2: Episode One does not meet filter rule!
querying for Mirror's Edge achievements counts...
no info for game Mirror's Edge
updating Mirror's Edge to notion...
Mirror's Edge updated!
Machinarium does not meet filter rule!
The Witcher: Enhanced Edition does not meet filter rule!
Call of Duty: Modern Warfare 2 (2009) does not meet filter rule!
Call of Duty: Modern Warfare 2 (2009) - Multiplayer does not meet filter rule!
querying for Zombie Shooter 2 achievements counts...
no info for game Zombie Shooter 2
updating Zombie Shooter 2 to notion...
Zombie Shooter 2 updated!
querying for Alien Shooter achievements counts...
Alien Shooter achievements count complete!
retrieving data from notion database...
retrieve complete!
fetching data from steam..
fetching data success!
querying for Garry's Mod achievements counts...
Garry's Mod achievements count complete!
updating Garry's Mod to notion...
Garry's Mod updated!
Half-Life Deathmatch: Source does not meet filter rule!
Half-Life 2: Episode One does not meet filter rule!
querying for Mirror's Edge achievements counts...
no info for game Mirror's Edge
updating Mirror's Edge to notion...
Mirror's Edge updated!
Machinarium does not meet filter rule!
The Witcher: Enhanced Edition does not meet filter rule!
Call of Duty: Modern Warfare 2 (2009) does not meet filter rule!
Call of Duty: Modern Warfare 2 (2009) - Multiplayer does not meet filter rule!
querying for Zombie Shooter 2 achievements counts...
no info for game Zombie Shooter 2
updating Zombie Shooter 2 to notion...
Zombie Shooter 2 updated!
querying for Alien Shooter achievements counts...
Alien Shooter achievements count complete!
updating Alien Shooter to notion...
Alien Shooter updated!
querying for Alien Shooter: Revisited achievements counts...
no info for game Alien Shooter: Revisited
updating Alien Shooter: Revisited to notion...
Alien Shooter: Revisited updated!
Alien Shooter 2: Reloaded does not meet filter rule!
Zombie Shooter does not meet filter rule!
Metro 2033 does not meet filter rule!
querying for VVVVVV achievements counts...
VVVVVV achievements count complete!
updating VVVVVV to notion...
retrieving data from notion database...
retrieve complete!
fetching data from steam..
fetching data success!
querying for Garry's Mod achievements counts...
Garry's Mod achievements count complete!
updating Garry's Mod to notion...
Garry's Mod updated!
Half-Life Deathmatch: Source does not meet filter rule!
Half-Life 2: Episode One does not meet filter rule!
querying for Mirror's Edge achievements counts...
no info for game Mirror's Edge
updating Mirror's Edge to notion...
Mirror's Edge updated!
Machinarium does not meet filter rule!
The Witcher: Enhanced Edition does not meet filter rule!
Call of Duty: Modern Warfare 2 (2009) does not meet filter rule!
Call of Duty: Modern Warfare 2 (2009) - Multiplayer does not meet filter rule!
querying for Zombie Shooter 2 achievements counts...
no info for game Zombie Shooter 2
updating Zombie Shooter 2 to notion...
Zombie Shooter 2 updated!
querying for Alien Shooter achievements counts...
Alien Shooter achievements count complete!
updating Alien Shooter to notion...
Alien Shooter updated!
querying for Alien Shooter: Revisited achievements counts...
no info for game Alien Shooter: Revisited
updating Alien Shooter: Revisited to notion...
Alien Shooter: Revisited updated!
Alien Shooter 2: Reloaded does not meet filter rule!
Zombie Shooter does not meet filter rule!
Metro 2033 does not meet filter rule!
querying for VVVVVV achievements counts...
VVVVVV achievements count complete!
updating VVVVVV to notion...
VVVVVV updated!
Poker Night at the Inventory does not meet filter rule!
A.R.E.S. does not meet filter rule!
querying for Magicka achievements counts...
Magicka achievements count complete!
updating Magicka to notion...
Magicka updated!
Super Meat Boy does not meet filter rule!
querying for Anomaly Warzone Earth achievements counts...
Anomaly Warzone Earth achievements count complete!
updating Anomaly Warzone Earth to notion...
Anomaly Warzone Earth updated!
querying for Terraria achievements counts...
Terraria achievements count complete!
updating Terraria to notion...
Terraria updated!
querying for The Witcher 2: Assassins of Kings Enhanced Edition achievements counts...
The Witcher 2: Assassins of Kings Enhanced Edition achievements count complete!
adding game The Witcher 2: Assassins of Kings Enhanced Edition to notion...
retrieving data from notion database...
retrieve complete!
fetching data from steam..
fetching data success!
querying for Garry's Mod achievements counts...
Garry's Mod achievements count complete!
updating Garry's Mod to notion...
Garry's Mod updated!
Half-Life Deathmatch: Source does not meet filter rule!
Half-Life 2: Episode One does not meet filter rule!
querying for Mirror's Edge achievements counts...
no info for game Mirror's Edge
updating Mirror's Edge to notion...
Mirror's Edge updated!
Machinarium does not meet filter rule!
The Witcher: Enhanced Edition does not meet filter rule!
Call of Duty: Modern Warfare 2 (2009) does not meet filter rule!
Call of Duty: Modern Warfare 2 (2009) - Multiplayer does not meet filter rule!
querying for Zombie Shooter 2 achievements counts...
no info for game Zombie Shooter 2
updating Zombie Shooter 2 to notion...
Zombie Shooter 2 updated!
querying for Alien Shooter achievements counts...
Alien Shooter achievements count complete!
updating Alien Shooter to notion...
Alien Shooter updated!
querying for Alien Shooter: Revisited achievements counts...
no info for game Alien Shooter: Revisited
updating Alien Shooter: Revisited to notion...
Alien Shooter: Revisited updated!
Alien Shooter 2: Reloaded does not meet filter rule!
Zombie Shooter does not meet filter rule!
Metro 2033 does not meet filter rule!
querying for VVVVVV achievements counts...
VVVVVV achievements count complete!
updating VVVVVV to notion...
VVVVVV updated!
Poker Night at the Inventory does not meet filter rule!
A.R.E.S. does not meet filter rule!
querying for Magicka achievements counts...
Magicka achievements count complete!
updating Magicka to notion...
Magicka updated!
Super Meat Boy does not meet filter rule!
querying for Anomaly Warzone Earth achievements counts...
Anomaly Warzone Earth achievements count complete!
updating Anomaly Warzone Earth to notion...
Anomaly Warzone Earth updated!
querying for Terraria achievements counts...
Terraria achievements count complete!
updating Terraria to notion...
Terraria updated!
querying for The Witcher 2: Assassins of Kings Enhanced Edition achievements counts...
The Witcher 2: Assassins of Kings Enhanced Edition achievements count complete!
adding game The Witcher 2: Assassins of Kings Enhanced Edition to notion...
The Witcher 2: Assassins of Kings Enhanced Editionadded!
Portal 2 - The Final Hours does not meet filter rule!
DETOUR does not meet filter rule!
Puzzle Agent does not meet filter rule!
querying for World of Goo achievements counts...
World of Goo achievements count complete!
adding game World of Goo to notion...
World of Gooadded!
Alter Ego does not meet filter rule!
querying for Warhammer 40,000: Space Marine - Anniversary Edition achievements counts...
Warhammer 40,000: Space Marine - Anniversary Edition achievements count complete!
adding game Warhammer 40,000: Space Marine - Anniversary Edition to notion...
Warhammer 40,000: Space Marine - Anniversary Editionadded!
Defy Gravity does not meet filter rule!
Glowfish does not meet filter rule!
RAGE does not meet filter rule!
Galactic Civilizations II: Ultimate Edition does not meet filter rule!
Puzzle Agent 2 does not meet filter rule!
querying for Sins of a Solar Empire: Rebellion achievements counts...
Sins of a Solar Empire: Rebellion achievements count complete!
adding game Sins of a Solar Empire: Rebellion to notion...
Sins of a Solar Empire: Rebellionadded!
querying for LIMBO achievements counts...
LIMBO achievements count complete!
adding game LIMBO to notion...
LIMBOadded!
querying for Fallout: New Vegas achievements counts...
Fallout: New Vegas achievements count complete!
adding game Fallout: New Vegas to notion...
Fallout: New Vegasadded!
Alan Wake does not meet filter rule!
Serious Sam 2 does not meet filter rule!
Pickers does not meet filter rule!
Luxor Evolved does not meet filter rule!
Midnight Mysteries 4: Haunted Houdini does not meet filter rule!
querying for Sniper Elite V2 achievements counts...
Sniper Elite V2 achievements count complete!
adding game Sniper Elite V2 to notion...
Sniper Elite V2added!
querying for Superbrothers: Sword & Sworcery EP achievements counts...
Superbrothers: Sword & Sworcery EP achievements count complete!
adding game Superbrothers: Sword & Sworcery EP to notion...
Superbrothers: Sword & Sworcery EPadded!
The Walking Dead does not meet filter rule!
Spec Ops: The Line does not meet filter rule!
Kung Fu Strike: The Warrior's Rise does not meet filter rule!
querying for Alien Shooter 2 Conscription achievements counts...
no info for game Alien Shooter 2 Conscription
adding game Alien Shooter 2 Conscription to notion...
Alien Shooter 2 Conscriptionadded!
GRID does not meet filter rule!
querying for The Binding of Isaac achievements counts...
The Binding of Isaac achievements count complete!
adding game The Binding of Isaac to notion...
The Binding of Isaacadded!
Telltale Texas Hold'Em does not meet filter rule!
Hector: Ep 1 does not meet filter rule!
Hector: Ep 2 does not meet filter rule!
Hector: Ep 3 does not meet filter rule!
Sam & Max 101: Culture Shock does not meet filter rule!
Sam & Max 102: Situation: Comedy does not meet filter rule!
Sam & Max 103: The Mole, the Mob and the Meatball does not meet filter rule!
Sam & Max 104: Abe Lincoln Must Die! does not meet filter rule!
Sam & Max 105: Reality 2.0 does not meet filter rule!
Sam & Max 106: Bright Side of the Moon does not meet filter rule!
Sam & Max 201: Ice Station Santa does not meet filter rule!
Sam & Max 202: Moai Better Blues does not meet filter rule!
Sam & Max 203: Night of the Raving Dead does not meet filter rule!
Sam & Max 204: Chariots of the Dogs does not meet filter rule!
Sam & Max 205: What's New Beelzebub? does not meet filter rule!
Bone: Out from Boneville does not meet filter rule!
Bone: The Great Cow Race does not meet filter rule!
Luxor Amun Rising HD does not meet filter rule!
Dishonored does not meet filter rule!
LEGO® Batman™ 2: DC Super Heroes does not meet filter rule!
The Basement Collection does not meet filter rule!
Lucius does not meet filter rule!
querying for Closure achievements counts...
Closure achievements count complete!
adding game Closure to notion...
Closureadded!
To the Moon does not meet filter rule!
querying for Thomas Was Alone achievements counts...
Thomas Was Alone achievements count complete!
adding game Thomas Was Alone to notion...
Thomas Was Aloneadded!
Midnight Mysteries 3: Devil on the Mississippi does not meet filter rule!
Midnight Mysteries: Salem Witch Trials does not meet filter rule!
Borderlands 2 does not meet filter rule!
querying for Castle Crashers achievements counts...
Castle Crashers achievements count complete!
adding game Castle Crashers to notion...
Castle Crashersadded!
querying for Hitman: Absolution achievements counts...
Hitman: Absolution achievements count complete!
adding game Hitman: Absolution to notion...
Hitman: Absolutionadded!
7 Wonders: Ancient Alien Makeover does not meet filter rule!
querying for Scribblenauts Unlimited achievements counts...
Scribblenauts Unlimited achievements count complete!
adding game Scribblenauts Unlimited to notion...
Scribblenauts Unlimitedadded!
querying for Hotline Miami achievements counts...
Hotline Miami achievements count complete!
adding game Hotline Miami to notion...
Hotline Miamiadded!
querying for Deadlight achievements counts...
Deadlight achievements count complete!
adding game Deadlight to notion...
Deadlightadded!
querying for Tropico 4 achievements counts...
Tropico 4 achievements count complete!
adding game Tropico 4 to notion...
Tropico 4added!
querying for Sniper Elite achievements counts...
no info for game Sniper Elite
adding game Sniper Elite to notion...
Sniper Eliteadded!
FLY'N does not meet filter rule!
LEGO® The Lord of the Rings™ does not meet filter rule!
querying for Super Hexagon achievements counts...
Super Hexagon achievements count complete!
adding game Super Hexagon to notion...
Super Hexagonadded!
querying for POSTAL 2 achievements counts...
POSTAL 2 achievements count complete!
adding game POSTAL 2 to notion...
POSTAL 2added!
Mata Hari does not meet filter rule!
Weird Worlds: Return to Infinite Space does not meet filter rule!
querying for Monaco achievements counts...
Monaco achievements count complete!
adding game Monaco to notion...
Monacoadded!
DmC Devil May Cry does not meet filter rule!
querying for Worms Revolution achievements counts...
Worms Revolution achievements count complete!
adding game Worms Revolution to notion...
Worms Revolutionadded!
The Journey Down: Chapter One does not meet filter rule!
querying for Euro Truck Simulator 2 achievements counts...
Euro Truck Simulator 2 achievements count complete!
adding game Euro Truck Simulator 2 to notion...
Euro Truck Simulator 2added!
Antichamber does not meet filter rule!
Tactical Intervention does not meet filter rule!
APB Reloaded does not meet filter rule!
Warframe does not meet filter rule!
querying for War Thunder achievements counts...
War Thunder achievements count complete!
adding game War Thunder to notion...
War Thunderadded!
Cry of Fear does not meet filter rule!
Saints Row IV Inauguration Station does not meet filter rule!
The Plan does not meet filter rule!
World of Guns: Gun Disassembly does not meet filter rule!
Fistful of Frags does not meet filter rule!
DCS World Steam Edition does not meet filter rule!
No More Room in Hell does not meet filter rule!
Marvel Heroes Omega does not meet filter rule!
querying for Narcissu 1st & 2nd achievements counts...
Narcissu 1st & 2nd achievements count complete!
adding game Narcissu 1st & 2nd to notion...
Narcissu 1st & 2ndadded!
Brütal Legend does not meet filter rule!
querying for Sniper Ghost Warrior 2 achievements counts...
Sniper Ghost Warrior 2 achievements count complete!
adding game Sniper Ghost Warrior 2 to notion...
Sniper Ghost Warrior 2added!
Alien Spidy does not meet filter rule!
POSTAL does not meet filter rule!
querying for Another World achievements counts...
Another World achievements count complete!
adding game Another World to notion...
Another Worldadded!
7 Wonders II does not meet filter rule!
Luxor 3 does not meet filter rule!
Little Farm does not meet filter rule!
Discovery! A Seek & Find Adventure does not meet filter rule!
Samantha Swift and the Hidden Roses of Athena does not meet filter rule!
7 Wonders: The Treasures of Seven does not meet filter rule!
Luxor: Quest for the Afterlife does not meet filter rule!
Luxor Mahjong does not meet filter rule!
Zombie Bowl-O-Rama does not meet filter rule!
Midnight Mysteries: The Edgar Allan Poe Conspiracy does not meet filter rule!
LUXOR: 5th Passage  does not meet filter rule!
querying for GRID 2 achievements counts...
GRID 2 achievements count complete!
adding game GRID 2 to notion...
GRID 2added!
Sanctum 2 does not meet filter rule!
querying for Resident Evil Revelations achievements counts...
Resident Evil Revelations achievements count complete!
adding game Resident Evil Revelations to notion...
retrieving data from notion database...
retrieve complete!
fetching data from steam..
fetching data success!
querying for Garry's Mod achievements counts...
Garry's Mod achievements count complete!
adding game Garry's Mod to notion...
Garry's Modadded!
querying for Half-Life Deathmatch: Source achievements counts...
no info for game Half-Life Deathmatch: Source
adding game Half-Life Deathmatch: Source to notion...
Half-Life Deathmatch: Sourceadded!
querying for Half-Life 2: Episode One achievements counts...
Half-Life 2: Episode One achievements count complete!
adding game Half-Life 2: Episode One to notion...
Half-Life 2: Episode Oneadded!
querying for Mirror's Edge achievements counts...
no info for game Mirror's Edge
adding game Mirror's Edge to notion...
Mirror's Edgeadded!
querying for Machinarium achievements counts...
retrieving data from notion database...
Request Exception occurred: 400 Client Error: Bad Request for url: https://api.notion.com/v1/databases/b12648be61674b4fbepyt2c4e925279d364/query.{"object":"error","status":400,"code":"validation_error","message":"path failed validation: path.database_id should be a valid uuid, instead was `\"b12648be61674b4fbepyt2c4e925279d364\"`.","request_id":"315750e8-9707-4ec6-9c42-bb2d6f9c060f"} retring
retrieving data from notion database...
retrieve complete!
fetching data from steam..
fetching data success!
querying for Garry's Mod achievements counts...
Garry's Mod achievements count complete!
adding game Garry's Mod to notion...
Garry's Modadded!
retrieving data from notion database...
retrieve complete!
fetching data from steam..
fetching data success!
querying for Garry's Mod achievements counts...
Garry's Mod achievements count complete!
updating Garry's Mod to notion...
Garry's Mod updated!
querying for Half-Life Deathmatch: Source achievements counts...
no info for game Half-Life Deathmatch: Source
Half-Life Deathmatch: Source does not meet filter rule!
querying for Half-Life 2: Episode One achievements counts...
Half-Life 2: Episode One achievements count complete!
adding game Half-Life 2: Episode One to notion...
Half-Life 2: Episode Oneadded!
querying for Mirror's Edge achievements counts...
no info for game Mirror's Edge
adding game Mirror's Edge to notion...
Mirror's Edgeadded!
querying for Machinarium achievements counts...
Machinarium achievements count complete!
adding game Machinarium to notion...
Machinariumadded!
querying for The Witcher: Enhanced Edition achievements counts...
no info for game The Witcher: Enhanced Edition
The Witcher: Enhanced Edition does not meet filter rule!
querying for Call of Duty: Modern Warfare 2 (2009) achievements counts...
Call of Duty: Modern Warfare 2 (2009) achievements count complete!
adding game Call of Duty: Modern Warfare 2 (2009) to notion...
Call of Duty: Modern Warfare 2 (2009)added!
querying for Call of Duty: Modern Warfare 2 (2009) - Multiplayer achievements counts...
no info for game Call of Duty: Modern Warfare 2 (2009) - Multiplayer
Call of Duty: Modern Warfare 2 (2009) - Multiplayer does not meet filter rule!
querying for Zombie Shooter 2 achievements counts...
no info for game Zombie Shooter 2
adding game Zombie Shooter 2 to notion...
Zombie Shooter 2added!
querying for Alien Shooter achievements counts...
Alien Shooter achievements count complete!
adding game Alien Shooter to notion...
Alien Shooteradded!
querying for Alien Shooter: Revisited achievements counts...
no info for game Alien Shooter: Revisited
adding game Alien Shooter: Revisited to notion...
Alien Shooter: Revisitedadded!
querying for Alien Shooter 2: Reloaded achievements counts...
no info for game Alien Shooter 2: Reloaded
Alien Shooter 2: Reloaded does not meet filter rule!
querying for Zombie Shooter achievements counts...
no info for game Zombie Shooter
Zombie Shooter does not meet filter rule!
querying for Metro 2033 achievements counts...
Metro 2033 achievements count complete!
adding game Metro 2033 to notion...
Metro 2033added!
querying for VVVVVV achievements counts...
VVVVVV achievements count complete!
adding game VVVVVV to notion...
VVVVVVadded!
querying for Poker Night at the Inventory achievements counts...
Poker Night at the Inventory achievements count complete!
adding game Poker Night at the Inventory to notion...
Poker Night at the Inventoryadded!
querying for A.R.E.S. achievements counts...
A.R.E.S. achievements count complete!
adding game A.R.E.S. to notion...
A.R.E.S.added!
querying for Magicka achievements counts...
Magicka achievements count complete!
adding game Magicka to notion...
Magickaadded!
querying for Super Meat Boy achievements counts...
Super Meat Boy achievements count complete!
adding game Super Meat Boy to notion...
Super Meat Boyadded!
querying for Anomaly Warzone Earth achievements counts...
Anomaly Warzone Earth achievements count complete!
adding game Anomaly Warzone Earth to notion...
Anomaly Warzone Earthadded!
querying for Terraria achievements counts...
Terraria achievements count complete!
adding game Terraria to notion...
Terrariaadded!
querying for The Witcher 2: Assassins of Kings Enhanced Edition achievements counts...
The Witcher 2: Assassins of Kings Enhanced Edition achievements count complete!
adding game The Witcher 2: Assassins of Kings Enhanced Edition to notion...
The Witcher 2: Assassins of Kings Enhanced Editionadded!
querying for Portal 2 - The Final Hours achievements counts...
no info for game Portal 2 - The Final Hours
Portal 2 - The Final Hours does not meet filter rule!
querying for DETOUR achievements counts...
DETOUR achievements count complete!
adding game DETOUR to notion...
DETOURadded!
querying for Puzzle Agent achievements counts...
no info for game Puzzle Agent
Puzzle Agent does not meet filter rule!
querying for World of Goo achievements counts...
World of Goo achievements count complete!
adding game World of Goo to notion...
World of Gooadded!
querying for Alter Ego achievements counts...
no info for game Alter Ego
Alter Ego does not meet filter rule!
querying for Warhammer 40,000: Space Marine - Anniversary Edition achievements counts...
Warhammer 40,000: Space Marine - Anniversary Edition achievements count complete!
adding game Warhammer 40,000: Space Marine - Anniversary Edition to notion...
Warhammer 40,000: Space Marine - Anniversary Editionadded!
querying for Defy Gravity achievements counts...
Defy Gravity achievements count complete!
adding game Defy Gravity to notion...
Defy Gravityadded!
querying for Glowfish achievements counts...
Glowfish achievements count complete!
adding game Glowfish to notion...
Glowfishadded!
querying for RAGE achievements counts...
RAGE achievements count complete!
adding game RAGE to notion...
RAGEadded!
querying for Galactic Civilizations II: Ultimate Edition achievements counts...
no info for game Galactic Civilizations II: Ultimate Edition
Galactic Civilizations II: Ultimate Edition does not meet filter rule!
querying for Puzzle Agent 2 achievements counts...
Puzzle Agent 2 achievements count complete!
adding game Puzzle Agent 2 to notion...
Puzzle Agent 2added!
querying for Sins of a Solar Empire: Rebellion achievements counts...
Sins of a Solar Empire: Rebellion achievements count complete!
adding game Sins of a Solar Empire: Rebellion to notion...
Sins of a Solar Empire: Rebellionadded!
querying for LIMBO achievements counts...
LIMBO achievements count complete!
adding game LIMBO to notion...
LIMBOadded!
querying for Fallout: New Vegas achievements counts...
Fallout: New Vegas achievements count complete!
adding game Fallout: New Vegas to notion...
Fallout: New Vegasadded!
querying for Alan Wake achievements counts...
Alan Wake achievements count complete!
adding game Alan Wake to notion...
Alan Wakeadded!
querying for Serious Sam 2 achievements counts...
no info for game Serious Sam 2
Serious Sam 2 does not meet filter rule!
querying for Pickers achievements counts...
Pickers achievements count complete!
adding game Pickers to notion...
Pickersadded!
querying for Luxor Evolved achievements counts...
Luxor Evolved achievements count complete!
adding game Luxor Evolved to notion...
Luxor Evolvedadded!
querying for Midnight Mysteries 4: Haunted Houdini achievements counts...
Midnight Mysteries 4: Haunted Houdini achievements count complete!
adding game Midnight Mysteries 4: Haunted Houdini to notion...
Midnight Mysteries 4: Haunted Houdiniadded!
querying for Sniper Elite V2 achievements counts...
Sniper Elite V2 achievements count complete!
adding game Sniper Elite V2 to notion...
Sniper Elite V2added!
querying for Superbrothers: Sword & Sworcery EP achievements counts...
Superbrothers: Sword & Sworcery EP achievements count complete!
adding game Superbrothers: Sword & Sworcery EP to notion...
Superbrothers: Sword & Sworcery EPadded!
querying for The Walking Dead achievements counts...
The Walking Dead achievements count complete!
adding game The Walking Dead to notion...
The Walking Deadadded!
querying for Spec Ops: The Line achievements counts...
Spec Ops: The Line achievements count complete!
adding game Spec Ops: The Line to notion...
Spec Ops: The Lineadded!
querying for Kung Fu Strike: The Warrior's Rise achievements counts...
Kung Fu Strike: The Warrior's Rise achievements count complete!
adding game Kung Fu Strike: The Warrior's Rise to notion...
Kung Fu Strike: The Warrior's Riseadded!
querying for Alien Shooter 2 Conscription achievements counts...
no info for game Alien Shooter 2 Conscription
adding game Alien Shooter 2 Conscription to notion...
Alien Shooter 2 Conscriptionadded!
querying for GRID achievements counts...
no info for game GRID
GRID does not meet filter rule!
querying for The Binding of Isaac achievements counts...
The Binding of Isaac achievements count complete!
adding game The Binding of Isaac to notion...
The Binding of Isaacadded!
querying for Telltale Texas Hold'Em achievements counts...
no info for game Telltale Texas Hold'Em
Telltale Texas Hold'Em does not meet filter rule!
querying for Hector: Ep 1 achievements counts...
no info for game Hector: Ep 1
Hector: Ep 1 does not meet filter rule!
querying for Hector: Ep 2 achievements counts...
no info for game Hector: Ep 2
Hector: Ep 2 does not meet filter rule!
querying for Hector: Ep 3 achievements counts...
no info for game Hector: Ep 3
Hector: Ep 3 does not meet filter rule!
querying for Sam & Max 101: Culture Shock achievements counts...
no info for game Sam & Max 101: Culture Shock
Sam & Max 101: Culture Shock does not meet filter rule!
querying for Sam & Max 102: Situation: Comedy achievements counts...
no info for game Sam & Max 102: Situation: Comedy
Sam & Max 102: Situation: Comedy does not meet filter rule!
querying for Sam & Max 103: The Mole, the Mob and the Meatball achievements counts...
no info for game Sam & Max 103: The Mole, the Mob and the Meatball
Sam & Max 103: The Mole, the Mob and the Meatball does not meet filter rule!
querying for Sam & Max 104: Abe Lincoln Must Die! achievements counts...
no info for game Sam & Max 104: Abe Lincoln Must Die!
Sam & Max 104: Abe Lincoln Must Die! does not meet filter rule!
querying for Sam & Max 105: Reality 2.0 achievements counts...
no info for game Sam & Max 105: Reality 2.0
Sam & Max 105: Reality 2.0 does not meet filter rule!
querying for Sam & Max 106: Bright Side of the Moon achievements counts...
no info for game Sam & Max 106: Bright Side of the Moon
Sam & Max 106: Bright Side of the Moon does not meet filter rule!
querying for Sam & Max 201: Ice Station Santa achievements counts...
no info for game Sam & Max 201: Ice Station Santa
Sam & Max 201: Ice Station Santa does not meet filter rule!
querying for Sam & Max 202: Moai Better Blues achievements counts...
no info for game Sam & Max 202: Moai Better Blues
Sam & Max 202: Moai Better Blues does not meet filter rule!
querying for Sam & Max 203: Night of the Raving Dead achievements counts...
no info for game Sam & Max 203: Night of the Raving Dead
Sam & Max 203: Night of the Raving Dead does not meet filter rule!
querying for Sam & Max 204: Chariots of the Dogs achievements counts...
no info for game Sam & Max 204: Chariots of the Dogs
Sam & Max 204: Chariots of the Dogs does not meet filter rule!
querying for Sam & Max 205: What's New Beelzebub? achievements counts...
no info for game Sam & Max 205: What's New Beelzebub?
Sam & Max 205: What's New Beelzebub? does not meet filter rule!
querying for Bone: Out from Boneville achievements counts...
no info for game Bone: Out from Boneville
Bone: Out from Boneville does not meet filter rule!
querying for Bone: The Great Cow Race achievements counts...
no info for game Bone: The Great Cow Race
Bone: The Great Cow Race does not meet filter rule!
querying for Luxor Amun Rising HD achievements counts...
no info for game Luxor Amun Rising HD
Luxor Amun Rising HD does not meet filter rule!
querying for Dishonored achievements counts...
Dishonored achievements count complete!
adding game Dishonored to notion...
Dishonoredadded!
querying for LEGO® Batman™ 2: DC Super Heroes achievements counts...
no info for game LEGO® Batman™ 2: DC Super Heroes
LEGO® Batman™ 2: DC Super Heroes does not meet filter rule!
querying for The Basement Collection achievements counts...
